[     274ms] [ERROR] ReferenceError: getActivityBucketLabel is not defined
    at https://wp.hperkins.com/wp-content/themes/henrys-digital-canvas/blocks/work-showcase/view.js?ver=20260304001721:2746:14
    at Array.from (<anonymous>)
    at https://wp.hperkins.com/wp-content/themes/henrys-digital-canvas/blocks/work-showcase/view.js?ver=20260304001721:2743:27
    at Object.useMemo (https://wp.hperkins.com/wp-content/plugins/gutenberg/build/scripts/vendors/react-dom.min.js?ver=18:6:23229)
    at r.useMemo (https://wp.hperkins.com/wp-content/plugins/gutenberg/build/scripts/vendors/react.min.js?ver=18:1:6184)
    at WorkShowcaseApp (https://wp.hperkins.com/wp-content/themes/henrys-digital-canvas/blocks/work-showcase/view.js?ver=20260304001721:2739:27)
    at du (https://wp.hperkins.com/wp-content/plugins/gutenberg/build/scripts/vendors/react-dom.min.js?ver=18:6:16968)
    at Ba (https://wp.hperkins.com/wp-content/plugins/gutenberg/build/scripts/vendors/react-dom.min.js?ver=18:8:43989)
    at Ua (https://wp.hperkins.com/wp-content/plugins/gutenberg/build/scripts/vendors/react-dom.min.js?ver=18:8:39694)
    at Vf (https://wp.hperkins.com/wp-content/plugins/gutenberg/build/scripts/vendors/react-dom.min.js?ver=18:8:39625) @ https://wp.hperkins.com/wp-content/plugins/gutenberg/build/scripts/vendors/react-dom.min.js?ver=18:7
[     277ms] ReferenceError: getActivityBucketLabel is not defined
    at https://wp.hperkins.com/wp-content/themes/henrys-digital-canvas/blocks/work-showcase/view.js?ver=20260304001721:2746:14
    at Array.from (<anonymous>)
    at https://wp.hperkins.com/wp-content/themes/henrys-digital-canvas/blocks/work-showcase/view.js?ver=20260304001721:2743:27
    at Object.useMemo (https://wp.hperkins.com/wp-content/plugins/gutenberg/build/scripts/vendors/react-dom.min.js?ver=18:6:23229)
    at r.useMemo (https://wp.hperkins.com/wp-content/plugins/gutenberg/build/scripts/vendors/react.min.js?ver=18:1:6184)
    at WorkShowcaseApp (https://wp.hperkins.com/wp-content/themes/henrys-digital-canvas/blocks/work-showcase/view.js?ver=20260304001721:2739:27)
    at du (https://wp.hperkins.com/wp-content/plugins/gutenberg/build/scripts/vendors/react-dom.min.js?ver=18:6:16968)
    at Ba (https://wp.hperkins.com/wp-content/plugins/gutenberg/build/scripts/vendors/react-dom.min.js?ver=18:8:43989)
    at Ua (https://wp.hperkins.com/wp-content/plugins/gutenberg/build/scripts/vendors/react-dom.min.js?ver=18:8:39694)
    at Vf (https://wp.hperkins.com/wp-content/plugins/gutenberg/build/scripts/vendors/react-dom.min.js?ver=18:8:39625)
